<?xml version="1.0" encoding="UTF-8"?>
<coverage generated="1636842380170" clover="3.2.0">
  <project timestamp="1636842380170" name="All files">
    <metrics statements="161" coveredstatements="133" conditionals="71" coveredconditionals="46" methods="69" coveredmethods="56" elements="301" coveredelements="235" complexity="0" loc="161" ncloc="161" packages="11" files="19" classes="19"/>
    <package name="components">
      <metrics statements="3" coveredstatements="3" conditionals="0" coveredconditionals="0" methods="1" coveredmethods="1"/>
      <file name="ThemeProvider.js" path="D:\Desenvolvimento\Mobile\DWS_Brazil_Mobile_Test\SearchBands\src\components\ThemeProvider.js">
        <metrics statements="3" coveredstatements="3" conditionals="0" coveredconditionals="0" methods="1" coveredmethods="1"/>
        <line num="7" count="2" type="stmt"/>
        <line num="8" count="4" type="stmt"/>
        <line num="11" count="2" type="stmt"/>
      </file>
    </package>
    <package name="components.CardBand">
      <metrics statements="15" coveredstatements="15" conditionals="8" coveredconditionals="8" methods="6" coveredmethods="5"/>
      <file name="index.js" path="D:\Desenvolvimento\Mobile\DWS_Brazil_Mobile_Test\SearchBands\src\components\CardBand\index.js">
        <metrics statements="15" coveredstatements="15" conditionals="8" coveredconditionals="8" methods="6" coveredmethods="5"/>
        <line num="10" count="2" type="stmt"/>
        <line num="11" count="20" type="stmt"/>
        <line num="31" count="2" type="stmt"/>
        <line num="38" count="2" type="stmt"/>
        <line num="43" count="2" type="stmt"/>
        <line num="48" count="2" type="stmt"/>
        <line num="50" count="20" type="cond" truecount="2" falsecount="0"/>
        <line num="51" count="20" type="cond" truecount="2" falsecount="0"/>
        <line num="52" count="20" type="cond" truecount="2" falsecount="0"/>
        <line num="53" count="20" type="cond" truecount="2" falsecount="0"/>
        <line num="56" count="2" type="stmt"/>
        <line num="66" count="2" type="stmt"/>
        <line num="76" count="2" type="stmt"/>
        <line num="83" count="2" type="stmt"/>
        <line num="88" count="2" type="stmt"/>
      </file>
    </package>
    <package name="components.Label">
      <metrics statements="25" coveredstatements="25" conditionals="6" coveredconditionals="3" methods="20" coveredmethods="20"/>
      <file name="index.js" path="D:\Desenvolvimento\Mobile\DWS_Brazil_Mobile_Test\SearchBands\src\components\Label\index.js">
        <metrics statements="25" coveredstatements="25" conditionals="6" coveredconditionals="3" methods="20" coveredmethods="20"/>
        <line num="12" count="2" type="stmt"/>
        <line num="34" count="22" type="stmt"/>
        <line num="61" count="2" type="stmt"/>
        <line num="62" count="22" type="stmt"/>
        <line num="63" count="22" type="stmt"/>
        <line num="64" count="22" type="stmt"/>
        <line num="65" count="22" type="stmt"/>
        <line num="66" count="22" type="stmt"/>
        <line num="67" count="22" type="stmt"/>
        <line num="68" count="22" type="stmt"/>
        <line num="69" count="22" type="stmt"/>
        <line num="70" count="22" type="stmt"/>
        <line num="72" count="22" type="cond" truecount="1" falsecount="1"/>
        <line num="73" count="22" type="stmt"/>
        <line num="74" count="22" type="stmt"/>
        <line num="75" count="22" type="stmt"/>
        <line num="76" count="22" type="stmt"/>
        <line num="77" count="22" type="stmt"/>
        <line num="78" count="22" type="stmt"/>
        <line num="79" count="22" type="stmt"/>
        <line num="82" count="2" type="stmt"/>
        <line num="83" count="22" type="cond" truecount="1" falsecount="1"/>
        <line num="85" count="22" type="cond" truecount="1" falsecount="1"/>
        <line num="88" count="2" type="stmt"/>
        <line num="111" count="2" type="stmt"/>
      </file>
    </package>
    <package name="components.SliderMarketing">
      <metrics statements="4" coveredstatements="4" conditionals="0" coveredconditionals="0" methods="1" coveredmethods="1"/>
      <file name="index.js" path="D:\Desenvolvimento\Mobile\DWS_Brazil_Mobile_Test\SearchBands\src\components\SliderMarketing\index.js">
        <metrics statements="4" coveredstatements="4" conditionals="0" coveredconditionals="0" methods="1" coveredmethods="1"/>
        <line num="8" count="1" type="stmt"/>
        <line num="9" count="2" type="stmt"/>
        <line num="48" count="1" type="stmt"/>
        <line num="52" count="1" type="stmt"/>
      </file>
    </package>
    <package name="helpers">
      <metrics statements="19" coveredstatements="17" conditionals="32" coveredconditionals="28" methods="16" coveredmethods="14"/>
      <file name="commonStyles.js" path="D:\Desenvolvimento\Mobile\DWS_Brazil_Mobile_Test\SearchBands\src\helpers\commonStyles.js">
        <metrics statements="19" coveredstatements="17" conditionals="32" coveredconditionals="28" methods="16" coveredmethods="14"/>
        <line num="5" count="2" type="stmt"/>
        <line num="6" count="4" type="cond" truecount="2" falsecount="0"/>
        <line num="7" count="4" type="cond" truecount="2" falsecount="0"/>
        <line num="8" count="4" type="cond" truecount="2" falsecount="0"/>
        <line num="9" count="4" type="cond" truecount="2" falsecount="0"/>
        <line num="10" count="4" type="cond" truecount="2" falsecount="0"/>
        <line num="11" count="4" type="cond" truecount="2" falsecount="0"/>
        <line num="12" count="4" type="cond" truecount="2" falsecount="0"/>
        <line num="13" count="4" type="cond" truecount="2" falsecount="0"/>
        <line num="14" count="4" type="cond" truecount="2" falsecount="0"/>
        <line num="15" count="4" type="cond" truecount="2" falsecount="0"/>
        <line num="16" count="4" type="cond" truecount="2" falsecount="0"/>
        <line num="17" count="4" type="cond" truecount="2" falsecount="0"/>
        <line num="19" count="4" type="cond" truecount="2" falsecount="0"/>
        <line num="20" count="4" type="cond" truecount="2" falsecount="0"/>
        <line num="23" count="2" type="stmt"/>
        <line num="29" count="2" type="stmt"/>
        <line num="33" count="0" type="cond" truecount="0" falsecount="2"/>
        <line num="34" count="0" type="cond" truecount="0" falsecount="2"/>
      </file>
    </package>
    <package name="helpers.constants">
      <metrics statements="2" coveredstatements="2" conditionals="0" coveredconditionals="0" methods="0" coveredmethods="0"/>
      <file name="storageKeys.js" path="D:\Desenvolvimento\Mobile\DWS_Brazil_Mobile_Test\SearchBands\src\helpers\constants\storageKeys.js">
        <metrics statements="2" coveredstatements="2" conditionals="0" coveredconditionals="0" methods="0" coveredmethods="0"/>
        <line num="1" count="2" type="stmt"/>
        <line num="2" count="2" type="stmt"/>
      </file>
    </package>
    <package name="helpers.functions">
      <metrics statements="19" coveredstatements="13" conditionals="5" coveredconditionals="2" methods="6" coveredmethods="3"/>
      <file name="testing.js" path="D:\Desenvolvimento\Mobile\DWS_Brazil_Mobile_Test\SearchBands\src\helpers\functions\testing.js">
        <metrics statements="5" coveredstatements="5" conditionals="0" coveredconditionals="0" methods="2" coveredmethods="2"/>
        <line num="8" count="2" type="stmt"/>
        <line num="9" count="2" type="stmt"/>
        <line num="12" count="2" type="stmt"/>
        <line num="15" count="2" type="stmt"/>
        <line num="16" count="2" type="stmt"/>
      </file>
      <file name="utils.js" path="D:\Desenvolvimento\Mobile\DWS_Brazil_Mobile_Test\SearchBands\src\helpers\functions\utils.js">
        <metrics statements="14" coveredstatements="8" conditionals="5" coveredconditionals="2" methods="4" coveredmethods="1"/>
        <line num="4" count="2" type="stmt"/>
        <line num="6" count="2" type="cond" truecount="0" falsecount="1"/>
        <line num="7" count="0" type="stmt"/>
        <line num="14" count="0" type="stmt"/>
        <line num="21" count="0" type="stmt"/>
        <line num="36" count="2" type="stmt"/>
        <line num="37" count="278" type="cond" truecount="2" falsecount="0"/>
        <line num="38" count="252" type="stmt"/>
        <line num="40" count="26" type="stmt"/>
        <line num="43" count="2" type="stmt"/>
        <line num="44" count="0" type="stmt"/>
        <line num="51" count="0" type="stmt"/>
        <line num="53" count="2" type="stmt"/>
        <line num="54" count="0" type="cond" truecount="0" falsecount="2"/>
      </file>
    </package>
    <package name="hooks">
      <metrics statements="13" coveredstatements="3" conditionals="12" coveredconditionals="2" methods="1" coveredmethods="1"/>
      <file name="useFontFamily.js" path="D:\Desenvolvimento\Mobile\DWS_Brazil_Mobile_Test\SearchBands\src\hooks\useFontFamily.js">
        <metrics statements="13" coveredstatements="3" conditionals="12" coveredconditionals="2" methods="1" coveredmethods="1"/>
        <line num="1" count="2" type="stmt"/>
        <line num="2" count="22" type="cond" truecount="2" falsecount="10"/>
        <line num="4" count="0" type="stmt"/>
        <line num="6" count="0" type="stmt"/>
        <line num="8" count="0" type="stmt"/>
        <line num="10" count="0" type="stmt"/>
        <line num="13" count="22" type="stmt"/>
        <line num="15" count="0" type="stmt"/>
        <line num="17" count="0" type="stmt"/>
        <line num="19" count="0" type="stmt"/>
        <line num="21" count="0" type="stmt"/>
        <line num="23" count="0" type="stmt"/>
        <line num="25" count="0" type="stmt"/>
      </file>
    </package>
    <package name="screens.Home">
      <metrics statements="31" coveredstatements="27" conditionals="4" coveredconditionals="2" methods="9" coveredmethods="6"/>
      <file name="Home.js" path="D:\Desenvolvimento\Mobile\DWS_Brazil_Mobile_Test\SearchBands\src\screens\Home\Home.js">
        <metrics statements="11" coveredstatements="10" conditionals="2" coveredconditionals="1" methods="3" coveredmethods="3"/>
        <line num="13" count="1" type="stmt"/>
        <line num="14" count="3" type="stmt"/>
        <line num="16" count="2" type="stmt"/>
        <line num="17" count="2" type="stmt"/>
        <line num="18" count="2" type="cond" truecount="1" falsecount="1"/>
        <line num="19" count="2" type="stmt"/>
        <line num="20" count="2" type="stmt"/>
        <line num="23" count="0" type="stmt"/>
        <line num="27" count="2" type="stmt"/>
        <line num="28" count="2" type="stmt"/>
        <line num="31" count="2" type="stmt"/>
      </file>
      <file name="ListBands.js" path="D:\Desenvolvimento\Mobile\DWS_Brazil_Mobile_Test\SearchBands\src\screens\Home\ListBands.js">
        <metrics statements="20" coveredstatements="17" conditionals="2" coveredconditionals="1" methods="6" coveredmethods="3"/>
        <line num="17" count="1" type="stmt"/>
        <line num="18" count="2" type="stmt"/>
        <line num="20" count="2" type="stmt"/>
        <line num="21" count="0" type="stmt"/>
        <line num="34" count="2" type="stmt"/>
        <line num="36" count="0" type="stmt"/>
        <line num="41" count="2" type="stmt"/>
        <line num="42" count="20" type="cond" truecount="1" falsecount="1"/>
        <line num="43" count="0" type="stmt"/>
        <line num="46" count="20" type="stmt"/>
        <line num="49" count="2" type="stmt"/>
        <line num="53" count="24" type="stmt"/>
        <line num="61" count="1" type="stmt"/>
        <line num="67" count="1" type="stmt"/>
        <line num="73" count="1" type="stmt"/>
        <line num="79" count="1" type="stmt"/>
        <line num="86" count="1" type="stmt"/>
        <line num="94" count="1" type="stmt"/>
        <line num="101" count="1" type="stmt"/>
        <line num="106" count="1" type="stmt"/>
      </file>
      <file name="index.js" path="D:\Desenvolvimento\Mobile\DWS_Brazil_Mobile_Test\SearchBands\src\screens\Home\index.js">
        <metrics statements="0" coveredstatements="0" conditionals="0" coveredconditionals="0" methods="0" coveredmethods="0"/>
      </file>
    </package>
    <package name="screens.OffLineBands">
      <metrics statements="29" coveredstatements="23" conditionals="4" coveredconditionals="1" methods="9" coveredmethods="5"/>
      <file name="ListOffLineBands.js" path="D:\Desenvolvimento\Mobile\DWS_Brazil_Mobile_Test\SearchBands\src\screens\OffLineBands\ListOffLineBands.js">
        <metrics statements="20" coveredstatements="15" conditionals="2" coveredconditionals="0" methods="6" coveredmethods="2"/>
        <line num="17" count="1" type="stmt"/>
        <line num="18" count="2" type="stmt"/>
        <line num="20" count="2" type="stmt"/>
        <line num="21" count="2" type="stmt"/>
        <line num="34" count="2" type="stmt"/>
        <line num="36" count="0" type="stmt"/>
        <line num="41" count="2" type="stmt"/>
        <line num="42" count="0" type="cond" truecount="0" falsecount="2"/>
        <line num="43" count="0" type="stmt"/>
        <line num="46" count="0" type="stmt"/>
        <line num="49" count="2" type="stmt"/>
        <line num="53" count="0" type="stmt"/>
        <line num="61" count="1" type="stmt"/>
        <line num="67" count="1" type="stmt"/>
        <line num="73" count="1" type="stmt"/>
        <line num="79" count="1" type="stmt"/>
        <line num="86" count="1" type="stmt"/>
        <line num="94" count="1" type="stmt"/>
        <line num="101" count="1" type="stmt"/>
        <line num="106" count="1" type="stmt"/>
      </file>
      <file name="OffLineBands.js" path="D:\Desenvolvimento\Mobile\DWS_Brazil_Mobile_Test\SearchBands\src\screens\OffLineBands\OffLineBands.js">
        <metrics statements="9" coveredstatements="8" conditionals="2" coveredconditionals="1" methods="3" coveredmethods="3"/>
        <line num="11" count="1" type="stmt"/>
        <line num="12" count="2" type="stmt"/>
        <line num="14" count="2" type="stmt"/>
        <line num="15" count="2" type="stmt"/>
        <line num="16" count="2" type="cond" truecount="1" falsecount="1"/>
        <line num="17" count="0" type="stmt"/>
        <line num="21" count="2" type="stmt"/>
        <line num="22" count="2" type="stmt"/>
        <line num="25" count="2" type="stmt"/>
      </file>
      <file name="index.js" path="D:\Desenvolvimento\Mobile\DWS_Brazil_Mobile_Test\SearchBands\src\screens\OffLineBands\index.js">
        <metrics statements="0" coveredstatements="0" conditionals="0" coveredconditionals="0" methods="0" coveredmethods="0"/>
      </file>
    </package>
    <package name="theme">
      <metrics statements="1" coveredstatements="1" conditionals="0" coveredconditionals="0" methods="0" coveredmethods="0"/>
      <file name="colors.js" path="D:\Desenvolvimento\Mobile\DWS_Brazil_Mobile_Test\SearchBands\src\theme\colors.js">
        <metrics statements="1" coveredstatements="1" conditionals="0" coveredconditionals="0" methods="0" coveredmethods="0"/>
        <line num="1" count="2" type="stmt"/>
      </file>
      <file name="fonts.js" path="D:\Desenvolvimento\Mobile\DWS_Brazil_Mobile_Test\SearchBands\src\theme\fonts.js">
        <metrics statements="0" coveredstatements="0" conditionals="0" coveredconditionals="0" methods="0" coveredmethods="0"/>
      </file>
      <file name="index.js" path="D:\Desenvolvimento\Mobile\DWS_Brazil_Mobile_Test\SearchBands\src\theme\index.js">
        <metrics statements="0" coveredstatements="0" conditionals="0" coveredconditionals="0" methods="0" coveredmethods="0"/>
      </file>
      <file name="spacings.js" path="D:\Desenvolvimento\Mobile\DWS_Brazil_Mobile_Test\SearchBands\src\theme\spacings.js">
        <metrics statements="0" coveredstatements="0" conditionals="0" coveredconditionals="0" methods="0" coveredmethods="0"/>
      </file>
    </package>
  </project>
</coverage>
