{"D:\\Desenvolvimento\\Mobile\\DWS_Brazil_Mobile_Test\\SearchBands\\src\\components\\ThemeProvider.js": {"path":"D:\\Desenvolvimento\\Mobile\\DWS_Brazil_Mobile_Test\\SearchBands\\src\\components\\ThemeProvider.js","statementMap":{"0":{"start":{"line":7,"column":22},"end":{"line":9,"column":1}},"1":{"start":{"line":8,"column":2},"end":{"line":8,"column":71}},"2":{"start":{"line":11,"column":0},"end":{"line":13,"column":2}}},"fnMap":{"0":{"name":"(anonymous_0)","decl":{"start":{"line":7,"column":22},"end":{"line":7,"column":23}},"loc":{"start":{"line":8,"column":2},"end":{"line":8,"column":71}},"line":8}},"branchMap":{},"s":{"0":2,"1":4,"2":2},"f":{"0":4},"b":{},"_coverageSchema":"1a1c01bbd47fc00a2c39e90264f33305004495a9","hash":"c54e223548248bb2b2d9e566d81697a43435695d"}
,"D:\\Desenvolvimento\\Mobile\\DWS_Brazil_Mobile_Test\\SearchBands\\src\\components\\CardBand\\index.js": {"path":"D:\\Desenvolvimento\\Mobile\\DWS_Brazil_Mobile_Test\\SearchBands\\src\\components\\CardBand\\index.js","statementMap":{"0":{"start":{"line":10,"column":17},"end":{"line":29,"column":1}},"1":{"start":{"line":11,"column":2},"end":{"line":28,"column":4}},"2":{"start":{"line":31,"column":24},"end":{"line":36,"column":1}},"3":{"start":{"line":38,"column":24},"end":{"line":41,"column":1}},"4":{"start":{"line":43,"column":22},"end":{"line":46,"column":1}},"5":{"start":{"line":48,"column":18},"end":{"line":54,"column":1}},"6":{"start":{"line":50,"column":45},"end":{"line":50,"column":75}},"7":{"start":{"line":51,"column":36},"end":{"line":51,"column":57}},"8":{"start":{"line":52,"column":35},"end":{"line":52,"column":49}},"9":{"start":{"line":53,"column":41},"end":{"line":53,"column":58}},"10":{"start":{"line":56,"column":19},"end":{"line":64,"column":1}},"11":{"start":{"line":66,"column":30},"end":{"line":74,"column":1}},"12":{"start":{"line":76,"column":25},"end":{"line":81,"column":1}},"13":{"start":{"line":83,"column":0},"end":{"line":86,"column":2}},"14":{"start":{"line":88,"column":0},"end":{"line":92,"column":2}}},"fnMap":{"0":{"name":"(anonymous_0)","decl":{"start":{"line":10,"column":17},"end":{"line":10,"column":18}},"loc":{"start":{"line":10,"column":47},"end":{"line":29,"column":1}},"line":10},"1":{"name":"(anonymous_1)","decl":{"start":{"line":50,"column":21},"end":{"line":50,"column":22}},"loc":{"start":{"line":50,"column":45},"end":{"line":50,"column":75}},"line":50},"2":{"name":"(anonymous_2)","decl":{"start":{"line":51,"column":17},"end":{"line":51,"column":18}},"loc":{"start":{"line":51,"column":36},"end":{"line":51,"column":57}},"line":51},"3":{"name":"(anonymous_3)","decl":{"start":{"line":52,"column":16},"end":{"line":52,"column":17}},"loc":{"start":{"line":52,"column":35},"end":{"line":52,"column":49}},"line":52},"4":{"name":"(anonymous_4)","decl":{"start":{"line":53,"column":19},"end":{"line":53,"column":20}},"loc":{"start":{"line":53,"column":41},"end":{"line":53,"column":58}},"line":53},"5":{"name":"(anonymous_5)","decl":{"start":{"line":85,"column":11},"end":{"line":85,"column":12}},"loc":{"start":{"line":85,"column":17},"end":{"line":85,"column":19}},"line":85}},"branchMap":{"0":{"loc":{"start":{"line":50,"column":45},"end":{"line":50,"column":75}},"type":"binary-expr","locations":[{"start":{"line":50,"column":45},"end":{"line":50,"column":59}},{"start":{"line":50,"column":63},"end":{"line":50,"column":75}}],"line":50},"1":{"loc":{"start":{"line":51,"column":36},"end":{"line":51,"column":57}},"type":"binary-expr","locations":[{"start":{"line":51,"column":36},"end":{"line":51,"column":45}},{"start":{"line":51,"column":49},"end":{"line":51,"column":57}}],"line":51},"2":{"loc":{"start":{"line":52,"column":35},"end":{"line":52,"column":49}},"type":"binary-expr","locations":[{"start":{"line":52,"column":35},"end":{"line":52,"column":44}},{"start":{"line":52,"column":48},"end":{"line":52,"column":49}}],"line":52},"3":{"loc":{"start":{"line":53,"column":41},"end":{"line":53,"column":58}},"type":"binary-expr","locations":[{"start":{"line":53,"column":41},"end":{"line":53,"column":53}},{"start":{"line":53,"column":57},"end":{"line":53,"column":58}}],"line":53}},"s":{"0":2,"1":20,"2":2,"3":2,"4":2,"5":2,"6":20,"7":20,"8":20,"9":20,"10":2,"11":2,"12":2,"13":2,"14":2},"f":{"0":20,"1":20,"2":20,"3":20,"4":20,"5":0},"b":{"0":[20,20],"1":[20,20],"2":[20,20],"3":[20,20]},"_coverageSchema":"1a1c01bbd47fc00a2c39e90264f33305004495a9","hash":"3899a6b558df871dadf60647d3a552935edf2d43"}
,"D:\\Desenvolvimento\\Mobile\\DWS_Brazil_Mobile_Test\\SearchBands\\src\\components\\Label\\index.js": {"path":"D:\\Desenvolvimento\\Mobile\\DWS_Brazil_Mobile_Test\\SearchBands\\src\\components\\Label\\index.js","statementMap":{"0":{"start":{"line":12,"column":14},"end":{"line":59,"column":1}},"1":{"start":{"line":34,"column":2},"end":{"line":58,"column":20}},"2":{"start":{"line":61,"column":27},"end":{"line":80,"column":1}},"3":{"start":{"line":62,"column":26},"end":{"line":62,"column":45}},"4":{"start":{"line":63,"column":35},"end":{"line":63,"column":58}},"5":{"start":{"line":64,"column":41},"end":{"line":64,"column":67}},"6":{"start":{"line":65,"column":37},"end":{"line":65,"column":61}},"7":{"start":{"line":66,"column":39},"end":{"line":66,"column":64}},"8":{"start":{"line":67,"column":37},"end":{"line":67,"column":61}},"9":{"start":{"line":68,"column":43},"end":{"line":68,"column":70}},"10":{"start":{"line":69,"column":39},"end":{"line":69,"column":64}},"11":{"start":{"line":70,"column":41},"end":{"line":70,"column":67}},"12":{"start":{"line":72,"column":4},"end":{"line":72,"column":40}},"13":{"start":{"line":73,"column":37},"end":{"line":73,"column":47}},"14":{"start":{"line":74,"column":35},"end":{"line":74,"column":44}},"15":{"start":{"line":75,"column":45},"end":{"line":75,"column":59}},"16":{"start":{"line":76,"column":43},"end":{"line":76,"column":56}},"17":{"start":{"line":77,"column":33},"end":{"line":77,"column":55}},"18":{"start":{"line":78,"column":37},"end":{"line":78,"column":62}},"19":{"start":{"line":79,"column":37},"end":{"line":79,"column":61}},"20":{"start":{"line":82,"column":31},"end":{"line":86,"column":1}},"21":{"start":{"line":83,"column":36},"end":{"line":83,"column":51}},"22":{"start":{"line":85,"column":4},"end":{"line":85,"column":48}},"23":{"start":{"line":88,"column":0},"end":{"line":109,"column":2}},"24":{"start":{"line":111,"column":0},"end":{"line":137,"column":2}}},"fnMap":{"0":{"name":"(anonymous_0)","decl":{"start":{"line":12,"column":14},"end":{"line":12,"column":15}},"loc":{"start":{"line":34,"column":2},"end":{"line":58,"column":20}},"line":34},"1":{"name":"(anonymous_1)","decl":{"start":{"line":62,"column":11},"end":{"line":62,"column":12}},"loc":{"start":{"line":62,"column":26},"end":{"line":62,"column":45}},"line":62},"2":{"name":"(anonymous_2)","decl":{"start":{"line":63,"column":16},"end":{"line":63,"column":17}},"loc":{"start":{"line":63,"column":35},"end":{"line":63,"column":58}},"line":63},"3":{"name":"(anonymous_3)","decl":{"start":{"line":64,"column":19},"end":{"line":64,"column":20}},"loc":{"start":{"line":64,"column":41},"end":{"line":64,"column":67}},"line":64},"4":{"name":"(anonymous_4)","decl":{"start":{"line":65,"column":17},"end":{"line":65,"column":18}},"loc":{"start":{"line":65,"column":37},"end":{"line":65,"column":61}},"line":65},"5":{"name":"(anonymous_5)","decl":{"start":{"line":66,"column":18},"end":{"line":66,"column":19}},"loc":{"start":{"line":66,"column":39},"end":{"line":66,"column":64}},"line":66},"6":{"name":"(anonymous_6)","decl":{"start":{"line":67,"column":17},"end":{"line":67,"column":18}},"loc":{"start":{"line":67,"column":37},"end":{"line":67,"column":61}},"line":67},"7":{"name":"(anonymous_7)","decl":{"start":{"line":68,"column":20},"end":{"line":68,"column":21}},"loc":{"start":{"line":68,"column":43},"end":{"line":68,"column":70}},"line":68},"8":{"name":"(anonymous_8)","decl":{"start":{"line":69,"column":18},"end":{"line":69,"column":19}},"loc":{"start":{"line":69,"column":39},"end":{"line":69,"column":64}},"line":69},"9":{"name":"(anonymous_9)","decl":{"start":{"line":70,"column":19},"end":{"line":70,"column":20}},"loc":{"start":{"line":70,"column":41},"end":{"line":70,"column":67}},"line":70},"10":{"name":"(anonymous_10)","decl":{"start":{"line":71,"column":11},"end":{"line":71,"column":12}},"loc":{"start":{"line":72,"column":4},"end":{"line":72,"column":40}},"line":72},"11":{"name":"(anonymous_11)","decl":{"start":{"line":73,"column":17},"end":{"line":73,"column":18}},"loc":{"start":{"line":73,"column":37},"end":{"line":73,"column":47}},"line":73},"12":{"name":"(anonymous_12)","decl":{"start":{"line":74,"column":16},"end":{"line":74,"column":17}},"loc":{"start":{"line":74,"column":35},"end":{"line":74,"column":44}},"line":74},"13":{"name":"(anonymous_13)","decl":{"start":{"line":75,"column":21},"end":{"line":75,"column":22}},"loc":{"start":{"line":75,"column":45},"end":{"line":75,"column":59}},"line":75},"14":{"name":"(anonymous_14)","decl":{"start":{"line":76,"column":20},"end":{"line":76,"column":21}},"loc":{"start":{"line":76,"column":43},"end":{"line":76,"column":56}},"line":76},"15":{"name":"(anonymous_15)","decl":{"start":{"line":77,"column":15},"end":{"line":77,"column":16}},"loc":{"start":{"line":77,"column":33},"end":{"line":77,"column":55}},"line":77},"16":{"name":"(anonymous_16)","decl":{"start":{"line":78,"column":17},"end":{"line":78,"column":18}},"loc":{"start":{"line":78,"column":37},"end":{"line":78,"column":62}},"line":78},"17":{"name":"(anonymous_17)","decl":{"start":{"line":79,"column":17},"end":{"line":79,"column":18}},"loc":{"start":{"line":79,"column":37},"end":{"line":79,"column":61}},"line":79},"18":{"name":"(anonymous_18)","decl":{"start":{"line":83,"column":19},"end":{"line":83,"column":20}},"loc":{"start":{"line":83,"column":36},"end":{"line":83,"column":51}},"line":83},"19":{"name":"(anonymous_19)","decl":{"start":{"line":84,"column":22},"end":{"line":84,"column":23}},"loc":{"start":{"line":85,"column":4},"end":{"line":85,"column":48}},"line":85}},"branchMap":{"0":{"loc":{"start":{"line":72,"column":4},"end":{"line":72,"column":40}},"type":"cond-expr","locations":[{"start":{"line":72,"column":13},"end":{"line":72,"column":32}},{"start":{"line":72,"column":35},"end":{"line":72,"column":40}}],"line":72},"1":{"loc":{"start":{"line":83,"column":36},"end":{"line":83,"column":51}},"type":"cond-expr","locations":[{"start":{"line":83,"column":45},"end":{"line":83,"column":47}},{"start":{"line":83,"column":50},"end":{"line":83,"column":51}}],"line":83},"2":{"loc":{"start":{"line":85,"column":4},"end":{"line":85,"column":48}},"type":"cond-expr","locations":[{"start":{"line":85,"column":13},"end":{"line":85,"column":32}},{"start":{"line":85,"column":35},"end":{"line":85,"column":48}}],"line":85}},"s":{"0":2,"1":22,"2":2,"3":22,"4":22,"5":22,"6":22,"7":22,"8":22,"9":22,"10":22,"11":22,"12":22,"13":22,"14":22,"15":22,"16":22,"17":22,"18":22,"19":22,"20":2,"21":22,"22":22,"23":2,"24":2},"f":{"0":22,"1":22,"2":22,"3":22,"4":22,"5":22,"6":22,"7":22,"8":22,"9":22,"10":22,"11":22,"12":22,"13":22,"14":22,"15":22,"16":22,"17":22,"18":22,"19":22},"b":{"0":[0,22],"1":[0,22],"2":[0,22]},"_coverageSchema":"1a1c01bbd47fc00a2c39e90264f33305004495a9","hash":"e867a626a82e36b4392fe4860fdc12b8bd8682af"}
,"D:\\Desenvolvimento\\Mobile\\DWS_Brazil_Mobile_Test\\SearchBands\\src\\components\\SliderMarketing\\index.js": {"path":"D:\\Desenvolvimento\\Mobile\\DWS_Brazil_Mobile_Test\\SearchBands\\src\\components\\SliderMarketing\\index.js","statementMap":{"0":{"start":{"line":8,"column":24},"end":{"line":46,"column":1}},"1":{"start":{"line":9,"column":2},"end":{"line":45,"column":4}},"2":{"start":{"line":48,"column":0},"end":{"line":50,"column":2}},"3":{"start":{"line":52,"column":0},"end":{"line":58,"column":2}}},"fnMap":{"0":{"name":"(anonymous_0)","decl":{"start":{"line":8,"column":24},"end":{"line":8,"column":25}},"loc":{"start":{"line":8,"column":39},"end":{"line":46,"column":1}},"line":8}},"branchMap":{},"s":{"0":1,"1":2,"2":1,"3":1},"f":{"0":2},"b":{},"_coverageSchema":"1a1c01bbd47fc00a2c39e90264f33305004495a9","hash":"4d65238574cfe5cf9e7f562e3d6d3f007ccfec95"}
,"D:\\Desenvolvimento\\Mobile\\DWS_Brazil_Mobile_Test\\SearchBands\\src\\helpers\\commonStyles.js": {"path":"D:\\Desenvolvimento\\Mobile\\DWS_Brazil_Mobile_Test\\SearchBands\\src\\helpers\\commonStyles.js","statementMap":{"0":{"start":{"line":5,"column":31},"end":{"line":21,"column":1}},"1":{"start":{"line":6,"column":24},"end":{"line":6,"column":33}},"2":{"start":{"line":7,"column":26},"end":{"line":7,"column":55}},"3":{"start":{"line":8,"column":43},"end":{"line":8,"column":68}},"4":{"start":{"line":9,"column":41},"end":{"line":9,"column":72}},"5":{"start":{"line":10,"column":37},"end":{"line":10,"column":66}},"6":{"start":{"line":11,"column":39},"end":{"line":11,"column":69}},"7":{"start":{"line":12,"column":35},"end":{"line":12,"column":63}},"8":{"start":{"line":13,"column":37},"end":{"line":13,"column":66}},"9":{"start":{"line":14,"column":41},"end":{"line":14,"column":72}},"10":{"start":{"line":15,"column":39},"end":{"line":15,"column":69}},"11":{"start":{"line":16,"column":43},"end":{"line":16,"column":75}},"12":{"start":{"line":17,"column":41},"end":{"line":17,"column":58}},"13":{"start":{"line":19,"column":4},"end":{"line":19,"column":40}},"14":{"start":{"line":20,"column":45},"end":{"line":20,"column":75}},"15":{"start":{"line":23,"column":37},"end":{"line":27,"column":1}},"16":{"start":{"line":29,"column":25},"end":{"line":35,"column":1}},"17":{"start":{"line":33,"column":41},"end":{"line":33,"column":72}},"18":{"start":{"line":34,"column":39},"end":{"line":34,"column":69}}},"fnMap":{"0":{"name":"(anonymous_0)","decl":{"start":{"line":6,"column":10},"end":{"line":6,"column":11}},"loc":{"start":{"line":6,"column":24},"end":{"line":6,"column":33}},"line":6},"1":{"name":"(anonymous_1)","decl":{"start":{"line":7,"column":11},"end":{"line":7,"column":12}},"loc":{"start":{"line":7,"column":26},"end":{"line":7,"column":55}},"line":7},"2":{"name":"(anonymous_2)","decl":{"start":{"line":8,"column":20},"end":{"line":8,"column":21}},"loc":{"start":{"line":8,"column":43},"end":{"line":8,"column":68}},"line":8},"3":{"name":"(anonymous_3)","decl":{"start":{"line":9,"column":19},"end":{"line":9,"column":20}},"loc":{"start":{"line":9,"column":41},"end":{"line":9,"column":72}},"line":9},"4":{"name":"(anonymous_4)","decl":{"start":{"line":10,"column":17},"end":{"line":10,"column":18}},"loc":{"start":{"line":10,"column":37},"end":{"line":10,"column":66}},"line":10},"5":{"name":"(anonymous_5)","decl":{"start":{"line":11,"column":18},"end":{"line":11,"column":19}},"loc":{"start":{"line":11,"column":39},"end":{"line":11,"column":69}},"line":11},"6":{"name":"(anonymous_6)","decl":{"start":{"line":12,"column":16},"end":{"line":12,"column":17}},"loc":{"start":{"line":12,"column":35},"end":{"line":12,"column":63}},"line":12},"7":{"name":"(anonymous_7)","decl":{"start":{"line":13,"column":17},"end":{"line":13,"column":18}},"loc":{"start":{"line":13,"column":37},"end":{"line":13,"column":66}},"line":13},"8":{"name":"(anonymous_8)","decl":{"start":{"line":14,"column":19},"end":{"line":14,"column":20}},"loc":{"start":{"line":14,"column":41},"end":{"line":14,"column":72}},"line":14},"9":{"name":"(anonymous_9)","decl":{"start":{"line":15,"column":18},"end":{"line":15,"column":19}},"loc":{"start":{"line":15,"column":39},"end":{"line":15,"column":69}},"line":15},"10":{"name":"(anonymous_10)","decl":{"start":{"line":16,"column":20},"end":{"line":16,"column":21}},"loc":{"start":{"line":16,"column":43},"end":{"line":16,"column":75}},"line":16},"11":{"name":"(anonymous_11)","decl":{"start":{"line":17,"column":19},"end":{"line":17,"column":20}},"loc":{"start":{"line":17,"column":41},"end":{"line":17,"column":58}},"line":17},"12":{"name":"(anonymous_12)","decl":{"start":{"line":18,"column":22},"end":{"line":18,"column":23}},"loc":{"start":{"line":19,"column":4},"end":{"line":19,"column":40}},"line":19},"13":{"name":"(anonymous_13)","decl":{"start":{"line":20,"column":21},"end":{"line":20,"column":22}},"loc":{"start":{"line":20,"column":45},"end":{"line":20,"column":75}},"line":20},"14":{"name":"(anonymous_14)","decl":{"start":{"line":33,"column":19},"end":{"line":33,"column":20}},"loc":{"start":{"line":33,"column":41},"end":{"line":33,"column":72}},"line":33},"15":{"name":"(anonymous_15)","decl":{"start":{"line":34,"column":18},"end":{"line":34,"column":19}},"loc":{"start":{"line":34,"column":39},"end":{"line":34,"column":69}},"line":34}},"branchMap":{"0":{"loc":{"start":{"line":6,"column":24},"end":{"line":6,"column":33}},"type":"binary-expr","locations":[{"start":{"line":6,"column":24},"end":{"line":6,"column":28}},{"start":{"line":6,"column":32},"end":{"line":6,"column":33}}],"line":6},"1":{"loc":{"start":{"line":7,"column":26},"end":{"line":7,"column":55}},"type":"binary-expr","locations":[{"start":{"line":7,"column":26},"end":{"line":7,"column":45}},{"start":{"line":7,"column":49},"end":{"line":7,"column":55}}],"line":7},"2":{"loc":{"start":{"line":8,"column":43},"end":{"line":8,"column":68}},"type":"binary-expr","locations":[{"start":{"line":8,"column":43},"end":{"line":8,"column":56}},{"start":{"line":8,"column":60},"end":{"line":8,"column":68}}],"line":8},"3":{"loc":{"start":{"line":9,"column":54},"end":{"line":9,"column":71}},"type":"binary-expr","locations":[{"start":{"line":9,"column":54},"end":{"line":9,"column":66}},{"start":{"line":9,"column":70},"end":{"line":9,"column":71}}],"line":9},"4":{"loc":{"start":{"line":10,"column":50},"end":{"line":10,"column":65}},"type":"binary-expr","locations":[{"start":{"line":10,"column":50},"end":{"line":10,"column":60}},{"start":{"line":10,"column":64},"end":{"line":10,"column":65}}],"line":10},"5":{"loc":{"start":{"line":11,"column":52},"end":{"line":11,"column":68}},"type":"binary-expr","locations":[{"start":{"line":11,"column":52},"end":{"line":11,"column":63}},{"start":{"line":11,"column":67},"end":{"line":11,"column":68}}],"line":11},"6":{"loc":{"start":{"line":12,"column":48},"end":{"line":12,"column":62}},"type":"binary-expr","locations":[{"start":{"line":12,"column":48},"end":{"line":12,"column":57}},{"start":{"line":12,"column":61},"end":{"line":12,"column":62}}],"line":12},"7":{"loc":{"start":{"line":13,"column":50},"end":{"line":13,"column":65}},"type":"binary-expr","locations":[{"start":{"line":13,"column":50},"end":{"line":13,"column":60}},{"start":{"line":13,"column":64},"end":{"line":13,"column":65}}],"line":13},"8":{"loc":{"start":{"line":14,"column":54},"end":{"line":14,"column":71}},"type":"binary-expr","locations":[{"start":{"line":14,"column":54},"end":{"line":14,"column":66}},{"start":{"line":14,"column":70},"end":{"line":14,"column":71}}],"line":14},"9":{"loc":{"start":{"line":15,"column":52},"end":{"line":15,"column":68}},"type":"binary-expr","locations":[{"start":{"line":15,"column":52},"end":{"line":15,"column":63}},{"start":{"line":15,"column":67},"end":{"line":15,"column":68}}],"line":15},"10":{"loc":{"start":{"line":16,"column":56},"end":{"line":16,"column":74}},"type":"binary-expr","locations":[{"start":{"line":16,"column":56},"end":{"line":16,"column":69}},{"start":{"line":16,"column":73},"end":{"line":16,"column":74}}],"line":16},"11":{"loc":{"start":{"line":17,"column":41},"end":{"line":17,"column":58}},"type":"binary-expr","locations":[{"start":{"line":17,"column":41},"end":{"line":17,"column":53}},{"start":{"line":17,"column":57},"end":{"line":17,"column":58}}],"line":17},"12":{"loc":{"start":{"line":19,"column":4},"end":{"line":19,"column":40}},"type":"binary-expr","locations":[{"start":{"line":19,"column":4},"end":{"line":19,"column":19}},{"start":{"line":19,"column":23},"end":{"line":19,"column":40}}],"line":19},"13":{"loc":{"start":{"line":20,"column":45},"end":{"line":20,"column":75}},"type":"binary-expr","locations":[{"start":{"line":20,"column":45},"end":{"line":20,"column":59}},{"start":{"line":20,"column":63},"end":{"line":20,"column":75}}],"line":20},"14":{"loc":{"start":{"line":33,"column":54},"end":{"line":33,"column":71}},"type":"binary-expr","locations":[{"start":{"line":33,"column":54},"end":{"line":33,"column":66}},{"start":{"line":33,"column":70},"end":{"line":33,"column":71}}],"line":33},"15":{"loc":{"start":{"line":34,"column":52},"end":{"line":34,"column":68}},"type":"binary-expr","locations":[{"start":{"line":34,"column":52},"end":{"line":34,"column":63}},{"start":{"line":34,"column":67},"end":{"line":34,"column":68}}],"line":34}},"s":{"0":2,"1":4,"2":4,"3":4,"4":4,"5":4,"6":4,"7":4,"8":4,"9":4,"10":4,"11":4,"12":4,"13":4,"14":4,"15":2,"16":2,"17":0,"18":0},"f":{"0":4,"1":4,"2":4,"3":4,"4":4,"5":4,"6":4,"7":4,"8":4,"9":4,"10":4,"11":4,"12":4,"13":4,"14":0,"15":0},"b":{"0":[4,4],"1":[4,4],"2":[4,4],"3":[4,4],"4":[4,4],"5":[4,4],"6":[4,4],"7":[4,4],"8":[4,4],"9":[4,4],"10":[4,4],"11":[4,4],"12":[4,4],"13":[4,4],"14":[0,0],"15":[0,0]},"_coverageSchema":"1a1c01bbd47fc00a2c39e90264f33305004495a9","hash":"924f13d5e91f67c4af8b4cfac7249fcc6507d094"}
,"D:\\Desenvolvimento\\Mobile\\DWS_Brazil_Mobile_Test\\SearchBands\\src\\helpers\\constants\\storageKeys.js": {"path":"D:\\Desenvolvimento\\Mobile\\DWS_Brazil_Mobile_Test\\SearchBands\\src\\helpers\\constants\\storageKeys.js","statementMap":{"0":{"start":{"line":1,"column":24},"end":{"line":1,"column":35}},"1":{"start":{"line":2,"column":28},"end":{"line":2,"column":43}}},"fnMap":{},"branchMap":{},"s":{"0":2,"1":2},"f":{},"b":{},"_coverageSchema":"1a1c01bbd47fc00a2c39e90264f33305004495a9","hash":"008b1583259e6d2591c35f5a308f83f949a99ef0"}
,"D:\\Desenvolvimento\\Mobile\\DWS_Brazil_Mobile_Test\\SearchBands\\src\\helpers\\functions\\testing.js": {"path":"D:\\Desenvolvimento\\Mobile\\DWS_Brazil_Mobile_Test\\SearchBands\\src\\helpers\\functions\\testing.js","statementMap":{"0":{"start":{"line":8,"column":38},"end":{"line":13,"column":1}},"1":{"start":{"line":9,"column":15},"end":{"line":11,"column":13}},"2":{"start":{"line":12,"column":2},"end":{"line":12,"column":33}},"3":{"start":{"line":15,"column":31},"end":{"line":17,"column":1}},"4":{"start":{"line":16,"column":2},"end":{"line":16,"column":69}}},"fnMap":{"0":{"name":"(anonymous_0)","decl":{"start":{"line":8,"column":38},"end":{"line":8,"column":39}},"loc":{"start":{"line":8,"column":51},"end":{"line":13,"column":1}},"line":8},"1":{"name":"(anonymous_1)","decl":{"start":{"line":15,"column":31},"end":{"line":15,"column":32}},"loc":{"start":{"line":15,"column":55},"end":{"line":17,"column":1}},"line":15}},"branchMap":{},"s":{"0":2,"1":2,"2":2,"3":2,"4":2},"f":{"0":2,"1":2},"b":{},"_coverageSchema":"1a1c01bbd47fc00a2c39e90264f33305004495a9","hash":"bdda15ec203a5a7631239446701df079535e155d"}
,"D:\\Desenvolvimento\\Mobile\\DWS_Brazil_Mobile_Test\\SearchBands\\src\\helpers\\functions\\utils.js": {"path":"D:\\Desenvolvimento\\Mobile\\DWS_Brazil_Mobile_Test\\SearchBands\\src\\helpers\\functions\\utils.js","statementMap":{"0":{"start":{"line":4,"column":2},"end":{"line":4,"column":10}},"1":{"start":{"line":6,"column":25},"end":{"line":34,"column":1}},"2":{"start":{"line":7,"column":16},"end":{"line":12,"column":3}},"3":{"start":{"line":14,"column":23},"end":{"line":19,"column":3}},"4":{"start":{"line":21,"column":2},"end":{"line":33,"column":4}},"5":{"start":{"line":36,"column":28},"end":{"line":41,"column":1}},"6":{"start":{"line":37,"column":2},"end":{"line":39,"column":3}},"7":{"start":{"line":38,"column":4},"end":{"line":38,"column":24}},"8":{"start":{"line":40,"column":2},"end":{"line":40,"column":15}},"9":{"start":{"line":43,"column":28},"end":{"line":52,"column":1}},"10":{"start":{"line":44,"column":17},"end":{"line":49,"column":3}},"11":{"start":{"line":51,"column":2},"end":{"line":51,"column":16}},"12":{"start":{"line":53,"column":31},"end":{"line":54,"column":59}},"13":{"start":{"line":54,"column":2},"end":{"line":54,"column":59}}},"fnMap":{"0":{"name":"(anonymous_0)","decl":{"start":{"line":6,"column":25},"end":{"line":6,"column":26}},"loc":{"start":{"line":6,"column":62},"end":{"line":34,"column":1}},"line":6},"1":{"name":"(anonymous_1)","decl":{"start":{"line":36,"column":28},"end":{"line":36,"column":29}},"loc":{"start":{"line":36,"column":37},"end":{"line":41,"column":1}},"line":36},"2":{"name":"(anonymous_2)","decl":{"start":{"line":43,"column":28},"end":{"line":43,"column":29}},"loc":{"start":{"line":43,"column":34},"end":{"line":52,"column":1}},"line":43},"3":{"name":"(anonymous_3)","decl":{"start":{"line":53,"column":31},"end":{"line":53,"column":32}},"loc":{"start":{"line":54,"column":2},"end":{"line":54,"column":59}},"line":54}},"branchMap":{"0":{"loc":{"start":{"line":6,"column":46},"end":{"line":6,"column":57}},"type":"default-arg","locations":[{"start":{"line":6,"column":55},"end":{"line":6,"column":57}}],"line":6},"1":{"loc":{"start":{"line":37,"column":2},"end":{"line":39,"column":3}},"type":"if","locations":[{"start":{"line":37,"column":2},"end":{"line":39,"column":3}},{"start":{"line":37,"column":2},"end":{"line":39,"column":3}}],"line":37},"2":{"loc":{"start":{"line":54,"column":2},"end":{"line":54,"column":59}},"type":"cond-expr","locations":[{"start":{"line":54,"column":15},"end":{"line":54,"column":55}},{"start":{"line":54,"column":58},"end":{"line":54,"column":59}}],"line":54}},"s":{"0":2,"1":2,"2":0,"3":0,"4":0,"5":2,"6":278,"7":252,"8":26,"9":2,"10":0,"11":0,"12":2,"13":0},"f":{"0":0,"1":278,"2":0,"3":0},"b":{"0":[0],"1":[252,26],"2":[0,0]},"_coverageSchema":"1a1c01bbd47fc00a2c39e90264f33305004495a9","hash":"34e0fd096b12011410104152d9898285cf520a77"}
,"D:\\Desenvolvimento\\Mobile\\DWS_Brazil_Mobile_Test\\SearchBands\\src\\hooks\\useFontFamily.js": {"path":"D:\\Desenvolvimento\\Mobile\\DWS_Brazil_Mobile_Test\\SearchBands\\src\\hooks\\useFontFamily.js","statementMap":{"0":{"start":{"line":1,"column":22},"end":{"line":27,"column":1}},"1":{"start":{"line":2,"column":2},"end":{"line":26,"column":3}},"2":{"start":{"line":4,"column":6},"end":{"line":4,"column":28}},"3":{"start":{"line":6,"column":6},"end":{"line":6,"column":28}},"4":{"start":{"line":8,"column":6},"end":{"line":8,"column":28}},"5":{"start":{"line":10,"column":6},"end":{"line":10,"column":31}},"6":{"start":{"line":13,"column":6},"end":{"line":13,"column":30}},"7":{"start":{"line":15,"column":6},"end":{"line":15,"column":32}},"8":{"start":{"line":17,"column":6},"end":{"line":17,"column":28}},"9":{"start":{"line":19,"column":6},"end":{"line":19,"column":28}},"10":{"start":{"line":21,"column":6},"end":{"line":21,"column":33}},"11":{"start":{"line":23,"column":6},"end":{"line":23,"column":30}},"12":{"start":{"line":25,"column":6},"end":{"line":25,"column":32}}},"fnMap":{"0":{"name":"(anonymous_0)","decl":{"start":{"line":1,"column":22},"end":{"line":1,"column":23}},"loc":{"start":{"line":1,"column":36},"end":{"line":27,"column":1}},"line":1}},"branchMap":{"0":{"loc":{"start":{"line":2,"column":2},"end":{"line":26,"column":3}},"type":"switch","locations":[{"start":{"line":3,"column":4},"end":{"line":4,"column":28}},{"start":{"line":5,"column":4},"end":{"line":6,"column":28}},{"start":{"line":7,"column":4},"end":{"line":8,"column":28}},{"start":{"line":9,"column":4},"end":{"line":10,"column":31}},{"start":{"line":11,"column":4},"end":{"line":11,"column":13}},{"start":{"line":12,"column":4},"end":{"line":13,"column":30}},{"start":{"line":14,"column":4},"end":{"line":15,"column":32}},{"start":{"line":16,"column":4},"end":{"line":17,"column":28}},{"start":{"line":18,"column":4},"end":{"line":19,"column":28}},{"start":{"line":20,"column":4},"end":{"line":21,"column":33}},{"start":{"line":22,"column":4},"end":{"line":23,"column":30}},{"start":{"line":24,"column":4},"end":{"line":25,"column":32}}],"line":2}},"s":{"0":2,"1":22,"2":0,"3":0,"4":0,"5":0,"6":22,"7":0,"8":0,"9":0,"10":0,"11":0,"12":0},"f":{"0":22},"b":{"0":[0,0,0,0,2,22,0,0,0,0,0,0]},"_coverageSchema":"1a1c01bbd47fc00a2c39e90264f33305004495a9","hash":"c4080ff521ccc61189f2b9de64d58502867ac14a"}
,"D:\\Desenvolvimento\\Mobile\\DWS_Brazil_Mobile_Test\\SearchBands\\src\\screens\\Home\\Home.js": {"path":"D:\\Desenvolvimento\\Mobile\\DWS_Brazil_Mobile_Test\\SearchBands\\src\\screens\\Home\\Home.js","statementMap":{"0":{"start":{"line":13,"column":13},"end":{"line":39,"column":1}},"1":{"start":{"line":14,"column":18},"end":{"line":14,"column":38}},"2":{"start":{"line":16,"column":20},"end":{"line":25,"column":3}},"3":{"start":{"line":17,"column":4},"end":{"line":24,"column":5}},"4":{"start":{"line":18,"column":6},"end":{"line":21,"column":7}},"5":{"start":{"line":19,"column":8},"end":{"line":19,"column":48}},"6":{"start":{"line":20,"column":8},"end":{"line":20,"column":73}},"7":{"start":{"line":23,"column":6},"end":{"line":23,"column":23}},"8":{"start":{"line":27,"column":2},"end":{"line":29,"column":9}},"9":{"start":{"line":28,"column":4},"end":{"line":28,"column":16}},"10":{"start":{"line":31,"column":2},"end":{"line":38,"column":4}}},"fnMap":{"0":{"name":"(anonymous_0)","decl":{"start":{"line":13,"column":13},"end":{"line":13,"column":14}},"loc":{"start":{"line":13,"column":19},"end":{"line":39,"column":1}},"line":13},"1":{"name":"(anonymous_1)","decl":{"start":{"line":16,"column":20},"end":{"line":16,"column":21}},"loc":{"start":{"line":16,"column":32},"end":{"line":25,"column":3}},"line":16},"2":{"name":"(anonymous_2)","decl":{"start":{"line":27,"column":12},"end":{"line":27,"column":13}},"loc":{"start":{"line":27,"column":18},"end":{"line":29,"column":3}},"line":27}},"branchMap":{"0":{"loc":{"start":{"line":18,"column":6},"end":{"line":21,"column":7}},"type":"if","locations":[{"start":{"line":18,"column":6},"end":{"line":21,"column":7}},{"start":{"line":18,"column":6},"end":{"line":21,"column":7}}],"line":18}},"s":{"0":1,"1":3,"2":2,"3":2,"4":2,"5":2,"6":2,"7":0,"8":2,"9":2,"10":2},"f":{"0":3,"1":2,"2":2},"b":{"0":[2,0]},"_coverageSchema":"1a1c01bbd47fc00a2c39e90264f33305004495a9","hash":"eeac759bf802237c0b1fa8b4f9261069d215b7e0"}
,"D:\\Desenvolvimento\\Mobile\\DWS_Brazil_Mobile_Test\\SearchBands\\src\\screens\\Home\\ListBands.js": {"path":"D:\\Desenvolvimento\\Mobile\\DWS_Brazil_Mobile_Test\\SearchBands\\src\\screens\\Home\\ListBands.js","statementMap":{"0":{"start":{"line":17,"column":17},"end":{"line":59,"column":1}},"1":{"start":{"line":18,"column":23},"end":{"line":18,"column":38}},"2":{"start":{"line":20,"column":26},"end":{"line":32,"column":3}},"3":{"start":{"line":21,"column":4},"end":{"line":31,"column":31}},"4":{"start":{"line":34,"column":27},"end":{"line":39,"column":3}},"5":{"start":{"line":36,"column":6},"end":{"line":36,"column":37}},"6":{"start":{"line":41,"column":21},"end":{"line":47,"column":3}},"7":{"start":{"line":42,"column":4},"end":{"line":44,"column":5}},"8":{"start":{"line":43,"column":6},"end":{"line":43,"column":77}},"9":{"start":{"line":46,"column":4},"end":{"line":46,"column":79}},"10":{"start":{"line":46,"column":54},"end":{"line":46,"column":74}},"11":{"start":{"line":49,"column":2},"end":{"line":58,"column":4}},"12":{"start":{"line":53,"column":30},"end":{"line":53,"column":45}},"13":{"start":{"line":61,"column":24},"end":{"line":65,"column":1}},"14":{"start":{"line":67,"column":32},"end":{"line":71,"column":1}},"15":{"start":{"line":73,"column":23},"end":{"line":77,"column":4}},"16":{"start":{"line":79,"column":23},"end":{"line":84,"column":1}},"17":{"start":{"line":86,"column":33},"end":{"line":92,"column":1}},"18":{"start":{"line":94,"column":21},"end":{"line":99,"column":1}},"19":{"start":{"line":101,"column":0},"end":{"line":104,"column":2}},"20":{"start":{"line":106,"column":0},"end":{"line":114,"column":2}}},"fnMap":{"0":{"name":"(anonymous_0)","decl":{"start":{"line":17,"column":17},"end":{"line":17,"column":18}},"loc":{"start":{"line":17,"column":43},"end":{"line":59,"column":1}},"line":17},"1":{"name":"(anonymous_1)","decl":{"start":{"line":20,"column":26},"end":{"line":20,"column":27}},"loc":{"start":{"line":21,"column":4},"end":{"line":31,"column":31}},"line":21},"2":{"name":"(anonymous_2)","decl":{"start":{"line":35,"column":4},"end":{"line":35,"column":5}},"loc":{"start":{"line":35,"column":10},"end":{"line":37,"column":5}},"line":35},"3":{"name":"(anonymous_3)","decl":{"start":{"line":41,"column":21},"end":{"line":41,"column":22}},"loc":{"start":{"line":41,"column":49},"end":{"line":47,"column":3}},"line":41},"4":{"name":"(anonymous_4)","decl":{"start":{"line":46,"column":48},"end":{"line":46,"column":49}},"loc":{"start":{"line":46,"column":54},"end":{"line":46,"column":74}},"line":46},"5":{"name":"(anonymous_5)","decl":{"start":{"line":53,"column":22},"end":{"line":53,"column":23}},"loc":{"start":{"line":53,"column":30},"end":{"line":53,"column":45}},"line":53}},"branchMap":{"0":{"loc":{"start":{"line":42,"column":4},"end":{"line":44,"column":5}},"type":"if","locations":[{"start":{"line":42,"column":4},"end":{"line":44,"column":5}},{"start":{"line":42,"column":4},"end":{"line":44,"column":5}}],"line":42}},"s":{"0":1,"1":2,"2":2,"3":0,"4":2,"5":0,"6":2,"7":20,"8":0,"9":20,"10":0,"11":2,"12":24,"13":1,"14":1,"15":1,"16":1,"17":1,"18":1,"19":1,"20":1},"f":{"0":2,"1":0,"2":0,"3":20,"4":0,"5":24},"b":{"0":[0,20]},"_coverageSchema":"1a1c01bbd47fc00a2c39e90264f33305004495a9","hash":"17e696ed0823bad8eb519fe2b619e94f50488852"}
,"D:\\Desenvolvimento\\Mobile\\DWS_Brazil_Mobile_Test\\SearchBands\\src\\screens\\Home\\index.js": {"path":"D:\\Desenvolvimento\\Mobile\\DWS_Brazil_Mobile_Test\\SearchBands\\src\\screens\\Home\\index.js","statementMap":{},"fnMap":{},"branchMap":{},"s":{},"f":{},"b":{},"_coverageSchema":"1a1c01bbd47fc00a2c39e90264f33305004495a9","hash":"e8b2177b31a94df627b4c708b7cdae83a268b160"}
,"D:\\Desenvolvimento\\Mobile\\DWS_Brazil_Mobile_Test\\SearchBands\\src\\screens\\OffLineBands\\ListOffLineBands.js": {"path":"D:\\Desenvolvimento\\Mobile\\DWS_Brazil_Mobile_Test\\SearchBands\\src\\screens\\OffLineBands\\ListOffLineBands.js","statementMap":{"0":{"start":{"line":17,"column":25},"end":{"line":59,"column":1}},"1":{"start":{"line":18,"column":23},"end":{"line":18,"column":38}},"2":{"start":{"line":20,"column":26},"end":{"line":32,"column":3}},"3":{"start":{"line":21,"column":4},"end":{"line":31,"column":31}},"4":{"start":{"line":34,"column":27},"end":{"line":39,"column":3}},"5":{"start":{"line":36,"column":6},"end":{"line":36,"column":37}},"6":{"start":{"line":41,"column":21},"end":{"line":47,"column":3}},"7":{"start":{"line":42,"column":4},"end":{"line":44,"column":5}},"8":{"start":{"line":43,"column":6},"end":{"line":43,"column":77}},"9":{"start":{"line":46,"column":4},"end":{"line":46,"column":79}},"10":{"start":{"line":46,"column":54},"end":{"line":46,"column":74}},"11":{"start":{"line":49,"column":2},"end":{"line":58,"column":4}},"12":{"start":{"line":53,"column":30},"end":{"line":53,"column":45}},"13":{"start":{"line":61,"column":24},"end":{"line":65,"column":1}},"14":{"start":{"line":67,"column":32},"end":{"line":71,"column":1}},"15":{"start":{"line":73,"column":23},"end":{"line":77,"column":4}},"16":{"start":{"line":79,"column":23},"end":{"line":84,"column":1}},"17":{"start":{"line":86,"column":33},"end":{"line":92,"column":1}},"18":{"start":{"line":94,"column":21},"end":{"line":99,"column":1}},"19":{"start":{"line":101,"column":0},"end":{"line":104,"column":2}},"20":{"start":{"line":106,"column":0},"end":{"line":114,"column":2}}},"fnMap":{"0":{"name":"(anonymous_0)","decl":{"start":{"line":17,"column":25},"end":{"line":17,"column":26}},"loc":{"start":{"line":17,"column":51},"end":{"line":59,"column":1}},"line":17},"1":{"name":"(anonymous_1)","decl":{"start":{"line":20,"column":26},"end":{"line":20,"column":27}},"loc":{"start":{"line":21,"column":4},"end":{"line":31,"column":31}},"line":21},"2":{"name":"(anonymous_2)","decl":{"start":{"line":35,"column":4},"end":{"line":35,"column":5}},"loc":{"start":{"line":35,"column":10},"end":{"line":37,"column":5}},"line":35},"3":{"name":"(anonymous_3)","decl":{"start":{"line":41,"column":21},"end":{"line":41,"column":22}},"loc":{"start":{"line":41,"column":49},"end":{"line":47,"column":3}},"line":41},"4":{"name":"(anonymous_4)","decl":{"start":{"line":46,"column":48},"end":{"line":46,"column":49}},"loc":{"start":{"line":46,"column":54},"end":{"line":46,"column":74}},"line":46},"5":{"name":"(anonymous_5)","decl":{"start":{"line":53,"column":22},"end":{"line":53,"column":23}},"loc":{"start":{"line":53,"column":30},"end":{"line":53,"column":45}},"line":53}},"branchMap":{"0":{"loc":{"start":{"line":42,"column":4},"end":{"line":44,"column":5}},"type":"if","locations":[{"start":{"line":42,"column":4},"end":{"line":44,"column":5}},{"start":{"line":42,"column":4},"end":{"line":44,"column":5}}],"line":42}},"s":{"0":1,"1":2,"2":2,"3":2,"4":2,"5":0,"6":2,"7":0,"8":0,"9":0,"10":0,"11":2,"12":0,"13":1,"14":1,"15":1,"16":1,"17":1,"18":1,"19":1,"20":1},"f":{"0":2,"1":2,"2":0,"3":0,"4":0,"5":0},"b":{"0":[0,0]},"_coverageSchema":"1a1c01bbd47fc00a2c39e90264f33305004495a9","hash":"ef1d69f3bcc449a2bf8c1ae0b3b8d729be324f79"}
,"D:\\Desenvolvimento\\Mobile\\DWS_Brazil_Mobile_Test\\SearchBands\\src\\screens\\OffLineBands\\OffLineBands.js": {"path":"D:\\Desenvolvimento\\Mobile\\DWS_Brazil_Mobile_Test\\SearchBands\\src\\screens\\OffLineBands\\OffLineBands.js","statementMap":{"0":{"start":{"line":11,"column":21},"end":{"line":45,"column":1}},"1":{"start":{"line":12,"column":28},"end":{"line":12,"column":40}},"2":{"start":{"line":14,"column":27},"end":{"line":19,"column":3}},"3":{"start":{"line":15,"column":22},"end":{"line":15,"column":58}},"4":{"start":{"line":16,"column":4},"end":{"line":18,"column":5}},"5":{"start":{"line":17,"column":6},"end":{"line":17,"column":38}},"6":{"start":{"line":21,"column":2},"end":{"line":23,"column":9}},"7":{"start":{"line":22,"column":4},"end":{"line":22,"column":23}},"8":{"start":{"line":25,"column":2},"end":{"line":44,"column":4}}},"fnMap":{"0":{"name":"(anonymous_0)","decl":{"start":{"line":11,"column":21},"end":{"line":11,"column":22}},"loc":{"start":{"line":11,"column":27},"end":{"line":45,"column":1}},"line":11},"1":{"name":"(anonymous_1)","decl":{"start":{"line":14,"column":27},"end":{"line":14,"column":28}},"loc":{"start":{"line":14,"column":39},"end":{"line":19,"column":3}},"line":14},"2":{"name":"(anonymous_2)","decl":{"start":{"line":21,"column":12},"end":{"line":21,"column":13}},"loc":{"start":{"line":21,"column":18},"end":{"line":23,"column":3}},"line":21}},"branchMap":{"0":{"loc":{"start":{"line":16,"column":4},"end":{"line":18,"column":5}},"type":"if","locations":[{"start":{"line":16,"column":4},"end":{"line":18,"column":5}},{"start":{"line":16,"column":4},"end":{"line":18,"column":5}}],"line":16}},"s":{"0":1,"1":2,"2":2,"3":2,"4":2,"5":0,"6":2,"7":2,"8":2},"f":{"0":2,"1":2,"2":2},"b":{"0":[0,2]},"_coverageSchema":"1a1c01bbd47fc00a2c39e90264f33305004495a9","hash":"f5201acdd337a30809dca2334170fb0e6fc48553"}
,"D:\\Desenvolvimento\\Mobile\\DWS_Brazil_Mobile_Test\\SearchBands\\src\\screens\\OffLineBands\\index.js": {"path":"D:\\Desenvolvimento\\Mobile\\DWS_Brazil_Mobile_Test\\SearchBands\\src\\screens\\OffLineBands\\index.js","statementMap":{},"fnMap":{},"branchMap":{},"s":{},"f":{},"b":{},"_coverageSchema":"1a1c01bbd47fc00a2c39e90264f33305004495a9","hash":"b2334b811fcde6a98107ec96ed6ba70ccafa660f"}
,"D:\\Desenvolvimento\\Mobile\\DWS_Brazil_Mobile_Test\\SearchBands\\src\\theme\\colors.js": {"path":"D:\\Desenvolvimento\\Mobile\\DWS_Brazil_Mobile_Test\\SearchBands\\src\\theme\\colors.js","statementMap":{"0":{"start":{"line":1,"column":15},"end":{"line":34,"column":1}}},"fnMap":{},"branchMap":{},"s":{"0":2},"f":{},"b":{},"_coverageSchema":"1a1c01bbd47fc00a2c39e90264f33305004495a9","hash":"5cc198530e3f4de8c632d1a5fbb49e0203514e3c"}
,"D:\\Desenvolvimento\\Mobile\\DWS_Brazil_Mobile_Test\\SearchBands\\src\\theme\\fonts.js": {"path":"D:\\Desenvolvimento\\Mobile\\DWS_Brazil_Mobile_Test\\SearchBands\\src\\theme\\fonts.js","statementMap":{},"fnMap":{},"branchMap":{},"s":{},"f":{},"b":{},"_coverageSchema":"1a1c01bbd47fc00a2c39e90264f33305004495a9","hash":"4574a7316495bd462af1c0b57817360ad8987d16"}
,"D:\\Desenvolvimento\\Mobile\\DWS_Brazil_Mobile_Test\\SearchBands\\src\\theme\\index.js": {"path":"D:\\Desenvolvimento\\Mobile\\DWS_Brazil_Mobile_Test\\SearchBands\\src\\theme\\index.js","statementMap":{},"fnMap":{},"branchMap":{},"s":{},"f":{},"b":{},"_coverageSchema":"1a1c01bbd47fc00a2c39e90264f33305004495a9","hash":"269c783b50d35e332d0baab85bffef3ffab44ee8"}
,"D:\\Desenvolvimento\\Mobile\\DWS_Brazil_Mobile_Test\\SearchBands\\src\\theme\\spacings.js": {"path":"D:\\Desenvolvimento\\Mobile\\DWS_Brazil_Mobile_Test\\SearchBands\\src\\theme\\spacings.js","statementMap":{},"fnMap":{},"branchMap":{},"s":{},"f":{},"b":{},"_coverageSchema":"1a1c01bbd47fc00a2c39e90264f33305004495a9","hash":"b5499d96435fe2c1db717fd7c5fa204603eb58cb"}
}
