TN:
SF:src\components\ThemeProvider.js
FN:7,(anonymous_0)
FNF:1
FNH:1
FNDA:4,(anonymous_0)
DA:7,2
DA:8,4
DA:11,2
LF:3
LH:3
BRF:0
BRH:0
end_of_record
TN:
SF:src\components\CardBand\index.js
FN:10,(anonymous_0)
FN:50,(anonymous_1)
FN:51,(anonymous_2)
FN:52,(anonymous_3)
FN:53,(anonymous_4)
FN:85,(anonymous_5)
FNF:6
FNH:5
FNDA:20,(anonymous_0)
FNDA:20,(anonymous_1)
FNDA:20,(anonymous_2)
FNDA:20,(anonymous_3)
FNDA:20,(anonymous_4)
FNDA:0,(anonymous_5)
DA:10,2
DA:11,20
DA:31,2
DA:38,2
DA:43,2
DA:48,2
DA:50,20
DA:51,20
DA:52,20
DA:53,20
DA:56,2
DA:66,2
DA:76,2
DA:83,2
DA:88,2
LF:15
LH:15
BRDA:50,0,0,20
BRDA:50,0,1,20
BRDA:51,1,0,20
BRDA:51,1,1,20
BRDA:52,2,0,20
BRDA:52,2,1,20
BRDA:53,3,0,20
BRDA:53,3,1,20
BRF:8
BRH:8
end_of_record
TN:
SF:src\components\Label\index.js
FN:12,(anonymous_0)
FN:62,(anonymous_1)
FN:63,(anonymous_2)
FN:64,(anonymous_3)
FN:65,(anonymous_4)
FN:66,(anonymous_5)
FN:67,(anonymous_6)
FN:68,(anonymous_7)
FN:69,(anonymous_8)
FN:70,(anonymous_9)
FN:71,(anonymous_10)
FN:73,(anonymous_11)
FN:74,(anonymous_12)
FN:75,(anonymous_13)
FN:76,(anonymous_14)
FN:77,(anonymous_15)
FN:78,(anonymous_16)
FN:79,(anonymous_17)
FN:83,(anonymous_18)
FN:84,(anonymous_19)
FNF:20
FNH:20
FNDA:22,(anonymous_0)
FNDA:22,(anonymous_1)
FNDA:22,(anonymous_2)
FNDA:22,(anonymous_3)
FNDA:22,(anonymous_4)
FNDA:22,(anonymous_5)
FNDA:22,(anonymous_6)
FNDA:22,(anonymous_7)
FNDA:22,(anonymous_8)
FNDA:22,(anonymous_9)
FNDA:22,(anonymous_10)
FNDA:22,(anonymous_11)
FNDA:22,(anonymous_12)
FNDA:22,(anonymous_13)
FNDA:22,(anonymous_14)
FNDA:22,(anonymous_15)
FNDA:22,(anonymous_16)
FNDA:22,(anonymous_17)
FNDA:22,(anonymous_18)
FNDA:22,(anonymous_19)
DA:12,2
DA:34,22
DA:61,2
DA:62,22
DA:63,22
DA:64,22
DA:65,22
DA:66,22
DA:67,22
DA:68,22
DA:69,22
DA:70,22
DA:72,22
DA:73,22
DA:74,22
DA:75,22
DA:76,22
DA:77,22
DA:78,22
DA:79,22
DA:82,2
DA:83,22
DA:85,22
DA:88,2
DA:111,2
LF:25
LH:25
BRDA:72,0,0,0
BRDA:72,0,1,22
BRDA:83,1,0,0
BRDA:83,1,1,22
BRDA:85,2,0,0
BRDA:85,2,1,22
BRF:6
BRH:3
end_of_record
TN:
SF:src\components\SliderMarketing\index.js
FN:8,(anonymous_0)
FNF:1
FNH:1
FNDA:2,(anonymous_0)
DA:8,1
DA:9,2
DA:48,1
DA:52,1
LF:4
LH:4
BRF:0
BRH:0
end_of_record
TN:
SF:src\helpers\commonStyles.js
FN:6,(anonymous_0)
FN:7,(anonymous_1)
FN:8,(anonymous_2)
FN:9,(anonymous_3)
FN:10,(anonymous_4)
FN:11,(anonymous_5)
FN:12,(anonymous_6)
FN:13,(anonymous_7)
FN:14,(anonymous_8)
FN:15,(anonymous_9)
FN:16,(anonymous_10)
FN:17,(anonymous_11)
FN:18,(anonymous_12)
FN:20,(anonymous_13)
FN:33,(anonymous_14)
FN:34,(anonymous_15)
FNF:16
FNH:14
FNDA:4,(anonymous_0)
FNDA:4,(anonymous_1)
FNDA:4,(anonymous_2)
FNDA:4,(anonymous_3)
FNDA:4,(anonymous_4)
FNDA:4,(anonymous_5)
FNDA:4,(anonymous_6)
FNDA:4,(anonymous_7)
FNDA:4,(anonymous_8)
FNDA:4,(anonymous_9)
FNDA:4,(anonymous_10)
FNDA:4,(anonymous_11)
FNDA:4,(anonymous_12)
FNDA:4,(anonymous_13)
FNDA:0,(anonymous_14)
FNDA:0,(anonymous_15)
DA:5,2
DA:6,4
DA:7,4
DA:8,4
DA:9,4
DA:10,4
DA:11,4
DA:12,4
DA:13,4
DA:14,4
DA:15,4
DA:16,4
DA:17,4
DA:19,4
DA:20,4
DA:23,2
DA:29,2
DA:33,0
DA:34,0
LF:19
LH:17
BRDA:6,0,0,4
BRDA:6,0,1,4
BRDA:7,1,0,4
BRDA:7,1,1,4
BRDA:8,2,0,4
BRDA:8,2,1,4
BRDA:9,3,0,4
BRDA:9,3,1,4
BRDA:10,4,0,4
BRDA:10,4,1,4
BRDA:11,5,0,4
BRDA:11,5,1,4
BRDA:12,6,0,4
BRDA:12,6,1,4
BRDA:13,7,0,4
BRDA:13,7,1,4
BRDA:14,8,0,4
BRDA:14,8,1,4
BRDA:15,9,0,4
BRDA:15,9,1,4
BRDA:16,10,0,4
BRDA:16,10,1,4
BRDA:17,11,0,4
BRDA:17,11,1,4
BRDA:19,12,0,4
BRDA:19,12,1,4
BRDA:20,13,0,4
BRDA:20,13,1,4
BRDA:33,14,0,0
BRDA:33,14,1,0
BRDA:34,15,0,0
BRDA:34,15,1,0
BRF:32
BRH:28
end_of_record
TN:
SF:src\helpers\constants\storageKeys.js
FNF:0
FNH:0
DA:1,2
DA:2,2
LF:2
LH:2
BRF:0
BRH:0
end_of_record
TN:
SF:src\helpers\functions\testing.js
FN:8,(anonymous_0)
FN:15,(anonymous_1)
FNF:2
FNH:2
FNDA:2,(anonymous_0)
FNDA:2,(anonymous_1)
DA:8,2
DA:9,2
DA:12,2
DA:15,2
DA:16,2
LF:5
LH:5
BRF:0
BRH:0
end_of_record
TN:
SF:src\helpers\functions\utils.js
FN:6,(anonymous_0)
FN:36,(anonymous_1)
FN:43,(anonymous_2)
FN:53,(anonymous_3)
FNF:4
FNH:1
FNDA:0,(anonymous_0)
FNDA:278,(anonymous_1)
FNDA:0,(anonymous_2)
FNDA:0,(anonymous_3)
DA:4,2
DA:6,2
DA:7,0
DA:14,0
DA:21,0
DA:36,2
DA:37,278
DA:38,252
DA:40,26
DA:43,2
DA:44,0
DA:51,0
DA:53,2
DA:54,0
LF:14
LH:8
BRDA:6,0,0,0
BRDA:37,1,0,252
BRDA:37,1,1,26
BRDA:54,2,0,0
BRDA:54,2,1,0
BRF:5
BRH:2
end_of_record
TN:
SF:src\hooks\useFontFamily.js
FN:1,(anonymous_0)
FNF:1
FNH:1
FNDA:22,(anonymous_0)
DA:1,2
DA:2,22
DA:4,0
DA:6,0
DA:8,0
DA:10,0
DA:13,22
DA:15,0
DA:17,0
DA:19,0
DA:21,0
DA:23,0
DA:25,0
LF:13
LH:3
BRDA:2,0,0,0
BRDA:2,0,1,0
BRDA:2,0,2,0
BRDA:2,0,3,0
BRDA:2,0,4,2
BRDA:2,0,5,22
BRDA:2,0,6,0
BRDA:2,0,7,0
BRDA:2,0,8,0
BRDA:2,0,9,0
BRDA:2,0,10,0
BRDA:2,0,11,0
BRF:12
BRH:2
end_of_record
TN:
SF:src\screens\Home\Home.js
FN:13,(anonymous_0)
FN:16,(anonymous_1)
FN:27,(anonymous_2)
FNF:3
FNH:3
FNDA:3,(anonymous_0)
FNDA:2,(anonymous_1)
FNDA:2,(anonymous_2)
DA:13,1
DA:14,3
DA:16,2
DA:17,2
DA:18,2
DA:19,2
DA:20,2
DA:23,0
DA:27,2
DA:28,2
DA:31,2
LF:11
LH:10
BRDA:18,0,0,2
BRDA:18,0,1,0
BRF:2
BRH:1
end_of_record
TN:
SF:src\screens\Home\ListBands.js
FN:17,(anonymous_0)
FN:20,(anonymous_1)
FN:35,(anonymous_2)
FN:41,(anonymous_3)
FN:46,(anonymous_4)
FN:53,(anonymous_5)
FNF:6
FNH:3
FNDA:2,(anonymous_0)
FNDA:0,(anonymous_1)
FNDA:0,(anonymous_2)
FNDA:20,(anonymous_3)
FNDA:0,(anonymous_4)
FNDA:24,(anonymous_5)
DA:17,1
DA:18,2
DA:20,2
DA:21,0
DA:34,2
DA:36,0
DA:41,2
DA:42,20
DA:43,0
DA:46,20
DA:49,2
DA:53,24
DA:61,1
DA:67,1
DA:73,1
DA:79,1
DA:86,1
DA:94,1
DA:101,1
DA:106,1
LF:20
LH:17
BRDA:42,0,0,0
BRDA:42,0,1,20
BRF:2
BRH:1
end_of_record
TN:
SF:src\screens\Home\index.js
FNF:0
FNH:0
LF:0
LH:0
BRF:0
BRH:0
end_of_record
TN:
SF:src\screens\OffLineBands\ListOffLineBands.js
FN:17,(anonymous_0)
FN:20,(anonymous_1)
FN:35,(anonymous_2)
FN:41,(anonymous_3)
FN:46,(anonymous_4)
FN:53,(anonymous_5)
FNF:6
FNH:2
FNDA:2,(anonymous_0)
FNDA:2,(anonymous_1)
FNDA:0,(anonymous_2)
FNDA:0,(anonymous_3)
FNDA:0,(anonymous_4)
FNDA:0,(anonymous_5)
DA:17,1
DA:18,2
DA:20,2
DA:21,2
DA:34,2
DA:36,0
DA:41,2
DA:42,0
DA:43,0
DA:46,0
DA:49,2
DA:53,0
DA:61,1
DA:67,1
DA:73,1
DA:79,1
DA:86,1
DA:94,1
DA:101,1
DA:106,1
LF:20
LH:15
BRDA:42,0,0,0
BRDA:42,0,1,0
BRF:2
BRH:0
end_of_record
TN:
SF:src\screens\OffLineBands\OffLineBands.js
FN:11,(anonymous_0)
FN:14,(anonymous_1)
FN:21,(anonymous_2)
FNF:3
FNH:3
FNDA:2,(anonymous_0)
FNDA:2,(anonymous_1)
FNDA:2,(anonymous_2)
DA:11,1
DA:12,2
DA:14,2
DA:15,2
DA:16,2
DA:17,0
DA:21,2
DA:22,2
DA:25,2
LF:9
LH:8
BRDA:16,0,0,0
BRDA:16,0,1,2
BRF:2
BRH:1
end_of_record
TN:
SF:src\screens\OffLineBands\index.js
FNF:0
FNH:0
LF:0
LH:0
BRF:0
BRH:0
end_of_record
TN:
SF:src\theme\colors.js
FNF:0
FNH:0
DA:1,2
LF:1
LH:1
BRF:0
BRH:0
end_of_record
TN:
SF:src\theme\fonts.js
FNF:0
FNH:0
LF:0
LH:0
BRF:0
BRH:0
end_of_record
TN:
SF:src\theme\index.js
FNF:0
FNH:0
LF:0
LH:0
BRF:0
BRH:0
end_of_record
TN:
SF:src\theme\spacings.js
FNF:0
FNH:0
LF:0
LH:0
BRF:0
BRH:0
end_of_record
